<?xml version="1.0" encoding="UTF-8"?>
<!-- Generated by org.testng.reporters.JUnitReportReporter -->
<testsuite skipped="0" hostname="Abhresh" name="module6.DDT1" tests="2" failures="0" timestamp="06 Aug 2018 16:56:11 GMT" time="39.854" errors="0">
  <testcase name="TestForm" time="16.311" classname="module6.DDT1"/>
  <testcase name="TestForm" time="23.543" classname="module6.DDT1"/>
</testsuite> <!-- module6.DDT1 -->
