<?xml version="1.0" encoding="UTF-8"?>
<!-- Generated by org.testng.reporters.JUnitReportReporter -->
<testsuite skipped="0" hostname="Abhresh" name="module6.Scenario3" tests="1" failures="0" timestamp="06 Aug 2018 15:38:24 GMT" time="6.159" errors="0">
  <testcase name="login_TestCase" time="6.159" classname="module6.Scenario3"/>
</testsuite> <!-- module6.Scenario3 -->
