<?xml version="1.0" encoding="UTF-8"?>
<!-- Generated by org.testng.reporters.JUnitReportReporter -->
<testsuite skipped="1" hostname="Abhresh" name="module6.Sequencing" tests="5" failures="0" timestamp="03 Aug 2018 16:29:40 GMT" time="0.075" errors="0">
  <testcase name="Sugandh" time="0.046" classname="module6.Sequencing"/>
  <testcase name="Thrishna" time="0.010" classname="module6.Sequencing"/>
  <testcase name="Tai" time="0.010" classname="module6.Sequencing"/>
  <testcase name="Madhava" time="0.009" classname="module6.Sequencing"/>
  <testcase name="Kanika" classname="module6.Sequencing">
    <skipped/>
  </testcase> <!-- Kanika -->
</testsuite> <!-- module6.Sequencing -->
