<?xml version="1.0" encoding="UTF-8"?>
<!-- Generated by org.testng.reporters.JUnitReportReporter -->
<testsuite skipped="0" hostname="Abhresh" name="module6.Scenario2" tests="4" failures="0" timestamp="06 Aug 2018 16:45:34 GMT" time="0.090" errors="0">
  <testcase name="TC9" time="0.004" classname="module6.Scenario2"/>
  <testcase name="TC1" time="0.066" classname="module6.Scenario2"/>
  <testcase name="TC4" time="0.011" classname="module6.Scenario2"/>
  <testcase name="TC7" time="0.009" classname="module6.Scenario2"/>
</testsuite> <!-- module6.Scenario2 -->
