<?xml version="1.0" encoding="UTF-8"?>
<!-- Generated by org.testng.reporters.JUnitReportReporter -->
<testsuite skipped="1" hostname="Abhresh" name="module6.Senario1" tests="3" failures="0" timestamp="06 Aug 2018 16:56:11 GMT" time="14.872" errors="0">
  <testcase name="openApp" time="6.580" classname="module6.Senario1"/>
  <testcase name="Login" time="8.292" classname="module6.Senario1"/>
  <testcase name="Logout" classname="module6.Senario1">
    <skipped/>
  </testcase> <!-- Logout -->
</testsuite> <!-- module6.Senario1 -->
