<?xml version="1.0" encoding="UTF-8"?>
<!-- Generated by org.testng.reporters.JUnitReportReporter -->
<testsuite skipped="0" hostname="Abhresh" name="module6.Annotations" tests="1" failures="0" timestamp="06 Aug 2018 16:56:11 GMT" time="0.009" errors="0">
  <testcase name="Test" time="0.009" classname="module6.Annotations"/>
</testsuite> <!-- module6.Annotations -->
