<?xml version="1.0" encoding="UTF-8"?>
<!-- Generated by org.testng.reporters.JUnitReportReporter -->
<testsuite skipped="1" hostname="Abhresh" name="module7.GridTest" tests="2" failures="0" timestamp="10 Aug 2018 15:57:48 GMT" time="7.151" errors="1">
  <testcase name="Setup" time="7.151" classname="module7.GridTest">
    <error type="org.openqa.selenium.WebDriverException" message="Unable to parse remote response: &lt;!DOCTYPE html&gt;
&lt;html lang=&quot;en&quot;&gt;
&lt;head&gt;
  &lt;meta charset=&quot;UTF-8&quot;&gt;
  &lt;link rel=&quot;stylesheet&quot; type=&quot;text/css&quot; href=&quot;/assets/displayhelpservlet.css&quot; media=&quot;all&quot;/&gt;
  &lt;link href=&quot;/assets/favicon.ico&quot; rel=&quot;icon&quot; type=&quot;image/x-icon&quot; /&gt;
  &lt;script src=&quot;/assets/jquery-3.1.1.min.js&quot; type=&quot;text/javascript&quot;&gt;&lt;/script&gt;
  &lt;script src=&quot;/assets/displayhelpservlet.js&quot; type=&quot;text/javascript&quot;&gt;&lt;/script&gt;
  &lt;script type=&quot;text/javascript&quot;&gt;
    var json = Object.freeze(&#039;{&quot;version&quot;:&quot;3.9.0&quot;,&quot;type&quot;:&quot;Grid Node&quot;,&quot;consoleLink&quot;:&quot;/wd/hub&quot;}&#039;);
  &lt;/script&gt;
&lt;/head&gt;
&lt;body&gt;

&lt;div id=&quot;content&quot;&gt;
  &lt;div id=&quot;help-heading&quot;&gt;
    &lt;h1&gt;&lt;span id=&quot;logo&quot;&gt;&lt;/span&gt;&lt;/h1&gt;
    &lt;h2&gt;Selenium &lt;span class=&quot;se-type&quot;&gt;&lt;/span&gt;&amp;nbsp;v.&lt;span class=&quot;se-version&quot;&gt;&lt;/span&gt;&lt;/h2&gt;
  &lt;/div&gt;

  &lt;div id=&quot;content-body&quot;&gt;
    &lt;p&gt;
      Whoops! The URL specified routes to this help page.
    &lt;/p&gt;
    &lt;p&gt;
      For more information about Selenium &lt;span class=&quot;se-type&quot;&gt;&lt;/span&gt; please see the
      &lt;a class=&quot;se-docs&quot;&gt;docs&lt;/a&gt; and/or visit the &lt;a class=&quot;se-wiki&quot;&gt;wiki&lt;/a&gt;.
      &lt;span id=&quot;console-item&quot;&gt;
        Or perhaps you are looking for the Selenium &lt;span class=&quot;se-type&quot;&gt;&lt;/span&gt; &lt;a class=&quot;se-console&quot;&gt;console&lt;/a&gt;.
      &lt;/span&gt;
    &lt;/p&gt;
    &lt;p&gt;
      Happy Testing!
    &lt;/p&gt;
  &lt;/div&gt;

  &lt;div&gt;
    &lt;footer id=&quot;help-footer&quot;&gt;
      Selenium is made possible through the efforts of our open source community, contributions from
      these &lt;a href=&quot;https://github.com/SeleniumHQ/selenium/blob/master/AUTHORS&quot;&gt;people&lt;/a&gt;, and our
      &lt;a href=&quot;http://www.seleniumhq.org/sponsors/&quot;&gt;sponsors&lt;/a&gt;.
   &lt;/footer&gt;
  &lt;/div&gt;
 &lt;/div&gt;

&lt;/body&gt;
&lt;/html&gt;
Build info: version: &#039;unknown&#039;, revision: &#039;unknown&#039;, time: &#039;unknown&#039;
System info: host: &#039;ABHRESH&#039;, ip: &#039;192.168.1.55&#039;, os.name: &#039;Windows 10&#039;, os.arch: &#039;amd64&#039;, os.version: &#039;10.0&#039;, java.version: &#039;1.8.0_151&#039;
Driver info: driver.version: RemoteWebDriver">
      <![CDATA[org.openqa.selenium.WebDriverException: Unable to parse remote response: <!DOCTYPE html>
<html lang="en">
<head>
  <meta charset="UTF-8">
  <link rel="stylesheet" type="text/css" href="/assets/displayhelpservlet.css" media="all"/>
  <link href="/assets/favicon.ico" rel="icon" type="image/x-icon" />
  <script src="/assets/jquery-3.1.1.min.js" type="text/javascript"></script>
  <script src="/assets/displayhelpservlet.js" type="text/javascript"></script>
  <script type="text/javascript">
    var json = Object.freeze('{"version":"3.9.0","type":"Grid Node","consoleLink":"/wd/hub"}');
  </script>
</head>
<body>

<div id="content">
  <div id="help-heading">
    <h1><span id="logo"></span></h1>
    <h2>Selenium <span class="se-type"></span>&nbsp;v.<span class="se-version"></span></h2>
  </div>

  <div id="content-body">
    <p>
      Whoops! The URL specified routes to this help page.
    </p>
    <p>
      For more information about Selenium <span class="se-type"></span> please see the
      <a class="se-docs">docs</a> and/or visit the <a class="se-wiki">wiki</a>.
      <span id="console-item">
        Or perhaps you are looking for the Selenium <span class="se-type"></span> <a class="se-console">console</a>.
      </span>
    </p>
    <p>
      Happy Testing!
    </p>
  </div>

  <div>
    <footer id="help-footer">
      Selenium is made possible through the efforts of our open source community, contributions from
      these <a href="https://github.com/SeleniumHQ/selenium/blob/master/AUTHORS">people</a>, and our
      <a href="http://www.seleniumhq.org/sponsors/">sponsors</a>.
   </footer>
  </div>
 </div>

</body>
</html>
Build info: version: 'unknown', revision: 'unknown', time: 'unknown'
System info: host: 'ABHRESH', ip: '192.168.1.55', os.name: 'Windows 10', os.arch: 'amd64', os.version: '10.0', java.version: '1.8.0_151'
Driver info: driver.version: RemoteWebDriver
at org.openqa.selenium.remote.ProtocolHandshake.createSession(ProtocolHandshake.java:353)
at org.openqa.selenium.remote.ProtocolHandshake.createSession(ProtocolHandshake.java:159)
at org.openqa.selenium.remote.HttpCommandExecutor.execute(HttpCommandExecutor.java:142)
at org.openqa.selenium.remote.RemoteWebDriver.execute(RemoteWebDriver.java:637)
at org.openqa.selenium.remote.RemoteWebDriver.startSession(RemoteWebDriver.java:250)
at org.openqa.selenium.remote.RemoteWebDriver.startSession(RemoteWebDriver.java:236)
at org.openqa.selenium.remote.RemoteWebDriver.<init>(RemoteWebDriver.java:137)
at org.openqa.selenium.remote.RemoteWebDriver.<init>(RemoteWebDriver.java:174)
at module7.GridTest.Setup(GridTest.java:26)
at sun.reflect.NativeMethodAccessorImpl.invoke0(Native Method)
at sun.reflect.NativeMethodAccessorImpl.invoke(NativeMethodAccessorImpl.java:62)
at sun.reflect.DelegatingMethodAccessorImpl.invoke(DelegatingMethodAccessorImpl.java:43)
at java.lang.reflect.Method.invoke(Method.java:498)
at org.testng.internal.MethodInvocationHelper.invokeMethod(MethodInvocationHelper.java:124)
at org.testng.internal.MethodInvocationHelper.invokeMethodConsideringTimeout(MethodInvocationHelper.java:59)
at org.testng.internal.Invoker.invokeConfigurationMethod(Invoker.java:458)
at org.testng.internal.Invoker.invokeConfigurations(Invoker.java:222)
at org.testng.internal.Invoker.invokeConfigurations(Invoker.java:142)
at org.testng.TestRunner.beforeRun(TestRunner.java:529)
at org.testng.TestRunner.run(TestRunner.java:497)
at org.testng.SuiteRunner.runTest(SuiteRunner.java:455)
at org.testng.SuiteRunner.runSequentially(SuiteRunner.java:450)
at org.testng.SuiteRunner.privateRun(SuiteRunner.java:415)
at org.testng.SuiteRunner.run(SuiteRunner.java:364)
at org.testng.SuiteRunnerWorker.runSuite(SuiteRunnerWorker.java:52)
at org.testng.SuiteRunnerWorker.run(SuiteRunnerWorker.java:84)
at org.testng.TestNG.runSuitesSequentially(TestNG.java:1208)
at org.testng.TestNG.runSuitesLocally(TestNG.java:1137)
at org.testng.TestNG.runSuites(TestNG.java:1049)
at org.testng.TestNG.run(TestNG.java:1017)
at org.testng.remote.AbstractRemoteTestNG.run(AbstractRemoteTestNG.java:114)
at org.testng.remote.RemoteTestNG.initAndRun(RemoteTestNG.java:251)
at org.testng.remote.RemoteTestNG.main(RemoteTestNG.java:77)
]]>
    </error>
  </testcase> <!-- Setup -->
  <testcase name="SimpleTest" time="0.000" classname="module7.GridTest">
    <skipped/>
  </testcase> <!-- SimpleTest -->
</testsuite> <!-- module7.GridTest -->
